The system is: Linux - 5.4.0-52-generic - x86_64
Compiling the C compiler identification source file "CMakeCCompilerId.c" succeeded.
Compiler: /home/slundell/anaconda3/envs/wrap/bin/x86_64-conda-linux-gnu-cc 
Build flags: -march=nocona;-mtune=haswell;-ftree-vectorize;-fPIC;-fstack-protector-strong;-fno-plt;-O2;-ffunction-sections;-pipe;-isystem;/home/slundell/anaconda3/envs/wrap/include
Id flags:  

The output was:
0


Compilation of the C compiler identification source "CMakeCCompilerId.c" produced "a.out"

The C compiler identification is GNU, found in "/home/slundell/Documents/DHSVM-for-CSDMS/BMI/cExample/bmi-example-c-master/build/CMakeFiles/3.18.4/CompilerIdC/a.out"

Detecting C compiler ABI info compiled with the following output:
Change Dir: /home/slundell/Documents/DHSVM-for-CSDMS/BMI/cExample/bmi-example-c-master/build/CMakeFiles/CMakeTmp

Run Build Command(s):/usr/bin/make cmTC_30c2a/fast && /usr/bin/make  -f CMakeFiles/cmTC_30c2a.dir/build.make CMakeFiles/cmTC_30c2a.dir/build
make[1]: Entering directory '/home/slundell/Documents/DHSVM-for-CSDMS/BMI/cExample/bmi-example-c-master/build/CMakeFiles/CMakeTmp'
Building C object CMakeFiles/cmTC_30c2a.dir/CMakeCCompilerABI.c.o
/home/slundell/anaconda3/envs/wrap/bin/x86_64-conda-linux-gnu-cc   -march=nocona -mtune=haswell -ftree-vectorize -fPIC -fstack-protector-strong -fno-plt -O2 -ffunction-sections -pipe -isystem /home/slundell/anaconda3/envs/wrap/include    -v -o CMakeFiles/cmTC_30c2a.dir/CMakeCCompilerABI.c.o -c /home/slundell/anaconda3/envs/wrap/share/cmake-3.18/Modules/CMakeCCompilerABI.c
Reading specs from /home/slundell/anaconda3/envs/wrap/bin/../lib/gcc/x86_64-conda-linux-gnu/9.3.0/specs
COLLECT_GCC=/home/slundell/anaconda3/envs/wrap/bin/x86_64-conda-linux-gnu-cc
Target: x86_64-conda-linux-gnu
Configured with: /home/conda/feedstock_root/build_artifacts/ctng-compilers_1601682258120/work/.build/x86_64-conda-linux-gnu/src/gcc/configure --build=x86_64-build_pc-linux-gnu --host=x86_64-build_pc-linux-gnu --target=x86_64-conda-linux-gnu --prefix=/home/conda/feedstock_root/build_artifacts/ctng-compilers_1601682258120/work/gcc_built --with-sysroot=/home/conda/feedstock_root/build_artifacts/ctng-compilers_1601682258120/work/gcc_built/x86_64-conda-linux-gnu/sysroot --enable-languages=c,c++,fortran,objc,obj-c++ --with-pkgversion='crosstool-NG 1.24.0.133_b0863d8_dirty' --enable-__cxa_atexit --disable-libmudflap --enable-libgomp --disable-libssp --enable-libquadmath --enable-libquadmath-support --enable-libsanitizer --enable-libmpx --with-gmp=/home/conda/feedstock_root/build_artifacts/ctng-compilers_1601682258120/work/.build/x86_64-conda-linux-gnu/buildtools --with-mpfr=/home/conda/feedstock_root/build_artifacts/ctng-compilers_1601682258120/work/.build/x86_64-conda-linux-gnu/buildtools --with-mpc=/home/conda/feedstock_root/build_artifacts/ctng-compilers_1601682258120/work/.build/x86_64-conda-linux-gnu/buildtools --with-isl=/home/conda/feedstock_root/build_artifacts/ctng-compilers_1601682258120/work/.build/x86_64-conda-linux-gnu/buildtools --enable-lto --enable-threads=posix --enable-target-optspace --enable-plugin --enable-gold --disable-nls --disable-multilib --with-local-prefix=/home/conda/feedstock_root/build_artifacts/ctng-compilers_1601682258120/work/gcc_built/x86_64-conda-linux-gnu/sysroot --enable-long-long --enable-default-pie
Thread model: posix
gcc version 9.3.0 (crosstool-NG 1.24.0.133_b0863d8_dirty) 
COLLECT_GCC_OPTIONS='-march=nocona' '-mtune=haswell' '-ftree-vectorize' '-fPIC' '-fstack-protector-strong' '-fno-plt' '-O2' '-ffunction-sections' '-pipe' '-isystem' '/home/slundell/anaconda3/envs/wrap/include' '-v' '-o' 'CMakeFiles/cmTC_30c2a.dir/CMakeCCompilerABI.c.o' '-c'
 /home/slundell/anaconda3/envs/wrap/bin/../libexec/gcc/x86_64-conda-linux-gnu/9.3.0/cc1 -quiet -v -iprefix /home/slundell/anaconda3/envs/wrap/bin/../lib/gcc/x86_64-conda-linux-gnu/9.3.0/ -isysroot /home/slundell/anaconda3/envs/wrap/bin/../x86_64-conda-linux-gnu/sysroot -isystem /home/slundell/anaconda3/envs/wrap/include /home/slundell/anaconda3/envs/wrap/share/cmake-3.18/Modules/CMakeCCompilerABI.c -quiet -dumpbase CMakeCCompilerABI.c -march=nocona -mtune=haswell -auxbase-strip CMakeFiles/cmTC_30c2a.dir/CMakeCCompilerABI.c.o -O2 -version -ftree-vectorize -fPIC -fstack-protector-strong -fno-plt -ffunction-sections -o - |
 /home/slundell/anaconda3/envs/wrap/bin/../lib/gcc/x86_64-conda-linux-gnu/9.3.0/../../../../x86_64-conda-linux-gnu/bin/as -v --64 -o CMakeFiles/cmTC_30c2a.dir/CMakeCCompilerABI.c.o
GNU assembler version 2.35 (x86_64-conda-linux-gnu) using BFD version (GNU Binutils) 2.35
GNU C17 (crosstool-NG 1.24.0.133_b0863d8_dirty) version 9.3.0 (x86_64-conda-linux-gnu)
	compiled by GNU C version 4.4.7 20120313 (Red Hat 4.4.7-23), GMP version 6.2.0, MPFR version 4.0.2, MPC version 1.1.0, isl version isl-0.22-GMP

GGC heuristics: --param ggc-min-expand=100 --param ggc-min-heapsize=131072
ignoring nonexistent directory "/home/slundell/anaconda3/envs/wrap/bin/../lib/gcc/x86_64-conda-linux-gnu/9.3.0/../../../../x86_64-conda-linux-gnu/include"
ignoring duplicate directory "/home/slundell/anaconda3/envs/wrap/bin/../lib/gcc/../../lib/gcc/x86_64-conda-linux-gnu/9.3.0/include"
ignoring nonexistent directory "/home/slundell/anaconda3/envs/wrap/bin/../x86_64-conda-linux-gnu/sysroot/home/conda/feedstock_root/build_artifacts/ctng-compilers_1601682258120/work/gcc_built/x86_64-conda-linux-gnu/sysroot/include"
ignoring duplicate directory "/home/slundell/anaconda3/envs/wrap/bin/../lib/gcc/../../lib/gcc/x86_64-conda-linux-gnu/9.3.0/include-fixed"
ignoring nonexistent directory "/home/slundell/anaconda3/envs/wrap/bin/../lib/gcc/../../lib/gcc/x86_64-conda-linux-gnu/9.3.0/../../../../x86_64-conda-linux-gnu/include"
#include "..." search starts here:
#include <...> search starts here:
 /home/slundell/anaconda3/envs/wrap/include
 /home/slundell/anaconda3/envs/wrap/bin/../lib/gcc/x86_64-conda-linux-gnu/9.3.0/include
 /home/slundell/anaconda3/envs/wrap/bin/../lib/gcc/x86_64-conda-linux-gnu/9.3.0/include-fixed
 /home/slundell/anaconda3/envs/wrap/bin/../x86_64-conda-linux-gnu/sysroot/usr/include
End of search list.
GNU C17 (crosstool-NG 1.24.0.133_b0863d8_dirty) version 9.3.0 (x86_64-conda-linux-gnu)
	compiled by GNU C version 4.4.7 20120313 (Red Hat 4.4.7-23), GMP version 6.2.0, MPFR version 4.0.2, MPC version 1.1.0, isl version isl-0.22-GMP

GGC heuristics: --param ggc-min-expand=100 --param ggc-min-heapsize=131072
Compiler executable checksum: 1ceffe586f2b8eea5c19b180181e0092
COMPILER_PATH=/home/slundell/anaconda3/envs/wrap/bin/../libexec/gcc/x86_64-conda-linux-gnu/9.3.0/:/home/slundell/anaconda3/envs/wrap/bin/../libexec/gcc/:/home/slundell/anaconda3/envs/wrap/bin/../lib/gcc/x86_64-conda-linux-gnu/9.3.0/../../../../x86_64-conda-linux-gnu/bin/
LIBRARY_PATH=/home/slundell/anaconda3/envs/wrap/bin/../lib/gcc/x86_64-conda-linux-gnu/9.3.0/:/home/slundell/anaconda3/envs/wrap/bin/../lib/gcc/:/home/slundell/anaconda3/envs/wrap/bin/../lib/gcc/x86_64-conda-linux-gnu/9.3.0/../../../../x86_64-conda-linux-gnu/lib/../lib/:/home/slundell/anaconda3/envs/wrap/bin/../x86_64-conda-linux-gnu/sysroot/lib/../lib/:/home/slundell/anaconda3/envs/wrap/bin/../x86_64-conda-linux-gnu/sysroot/usr/lib/../lib/:/home/slundell/anaconda3/envs/wrap/bin/../lib/gcc/x86_64-conda-linux-gnu/9.3.0/../../../../x86_64-conda-linux-gnu/lib/:/home/slundell/anaconda3/envs/wrap/bin/../x86_64-conda-linux-gnu/sysroot/lib/:/home/slundell/anaconda3/envs/wrap/bin/../x86_64-conda-linux-gnu/sysroot/usr/lib/
COLLECT_GCC_OPTIONS='-march=nocona' '-mtune=haswell' '-ftree-vectorize' '-fPIC' '-fstack-protector-strong' '-fno-plt' '-O2' '-ffunction-sections' '-pipe' '-isystem' '/home/slundell/anaconda3/envs/wrap/include' '-v' '-o' 'CMakeFiles/cmTC_30c2a.dir/CMakeCCompilerABI.c.o' '-c'
Linking C executable cmTC_30c2a
/home/slundell/anaconda3/envs/wrap/bin/cmake -E cmake_link_script CMakeFiles/cmTC_30c2a.dir/link.txt --verbose=1
/home/slundell/anaconda3/envs/wrap/bin/x86_64-conda-linux-gnu-cc -march=nocona -mtune=haswell -ftree-vectorize -fPIC -fstack-protector-strong -fno-plt -O2 -ffunction-sections -pipe -isystem /home/slundell/anaconda3/envs/wrap/include  -Wl,-O2 -Wl,--sort-common -Wl,--as-needed -Wl,-z,relro -Wl,-z,now -Wl,--disable-new-dtags -Wl,--gc-sections -Wl,-rpath,/home/slundell/anaconda3/envs/wrap/lib -Wl,-rpath-link,/home/slundell/anaconda3/envs/wrap/lib -L/home/slundell/anaconda3/envs/wrap/lib -v -rdynamic CMakeFiles/cmTC_30c2a.dir/CMakeCCompilerABI.c.o -o cmTC_30c2a 
Reading specs from /home/slundell/anaconda3/envs/wrap/bin/../lib/gcc/x86_64-conda-linux-gnu/9.3.0/specs
COLLECT_GCC=/home/slundell/anaconda3/envs/wrap/bin/x86_64-conda-linux-gnu-cc
COLLECT_LTO_WRAPPER=/home/slundell/anaconda3/envs/wrap/bin/../libexec/gcc/x86_64-conda-linux-gnu/9.3.0/lto-wrapper
Target: x86_64-conda-linux-gnu
Configured with: /home/conda/feedstock_root/build_artifacts/ctng-compilers_1601682258120/work/.build/x86_64-conda-linux-gnu/src/gcc/configure --build=x86_64-build_pc-linux-gnu --host=x86_64-build_pc-linux-gnu --target=x86_64-conda-linux-gnu --prefix=/home/conda/feedstock_root/build_artifacts/ctng-compilers_1601682258120/work/gcc_built --with-sysroot=/home/conda/feedstock_root/build_artifacts/ctng-compilers_1601682258120/work/gcc_built/x86_64-conda-linux-gnu/sysroot --enable-languages=c,c++,fortran,objc,obj-c++ --with-pkgversion='crosstool-NG 1.24.0.133_b0863d8_dirty' --enable-__cxa_atexit --disable-libmudflap --enable-libgomp --disable-libssp --enable-libquadmath --enable-libquadmath-support --enable-libsanitizer --enable-libmpx --with-gmp=/home/conda/feedstock_root/build_artifacts/ctng-compilers_1601682258120/work/.build/x86_64-conda-linux-gnu/buildtools --with-mpfr=/home/conda/feedstock_root/build_artifacts/ctng-compilers_1601682258120/work/.build/x86_64-conda-linux-gnu/buildtools --with-mpc=/home/conda/feedstock_root/build_artifacts/ctng-compilers_1601682258120/work/.build/x86_64-conda-linux-gnu/buildtools --with-isl=/home/conda/feedstock_root/build_artifacts/ctng-compilers_1601682258120/work/.build/x86_64-conda-linux-gnu/buildtools --enable-lto --enable-threads=posix --enable-target-optspace --enable-plugin --enable-gold --disable-nls --disable-multilib --with-local-prefix=/home/conda/feedstock_root/build_artifacts/ctng-compilers_1601682258120/work/gcc_built/x86_64-conda-linux-gnu/sysroot --enable-long-long --enable-default-pie
Thread model: posix
gcc version 9.3.0 (crosstool-NG 1.24.0.133_b0863d8_dirty) 
COMPILER_PATH=/home/slundell/anaconda3/envs/wrap/bin/../libexec/gcc/x86_64-conda-linux-gnu/9.3.0/:/home/slundell/anaconda3/envs/wrap/bin/../libexec/gcc/:/home/slundell/anaconda3/envs/wrap/bin/../lib/gcc/x86_64-conda-linux-gnu/9.3.0/../../../../x86_64-conda-linux-gnu/bin/
LIBRARY_PATH=/home/slundell/anaconda3/envs/wrap/bin/../lib/gcc/x86_64-conda-linux-gnu/9.3.0/:/home/slundell/anaconda3/envs/wrap/bin/../lib/gcc/:/home/slundell/anaconda3/envs/wrap/bin/../lib/gcc/x86_64-conda-linux-gnu/9.3.0/../../../../x86_64-conda-linux-gnu/lib/../lib/:/home/slundell/anaconda3/envs/wrap/bin/../x86_64-conda-linux-gnu/sysroot/lib/../lib/:/home/slundell/anaconda3/envs/wrap/bin/../x86_64-conda-linux-gnu/sysroot/usr/lib/../lib/:/home/slundell/anaconda3/envs/wrap/bin/../lib/gcc/x86_64-conda-linux-gnu/9.3.0/../../../../x86_64-conda-linux-gnu/lib/:/home/slundell/anaconda3/envs/wrap/bin/../x86_64-conda-linux-gnu/sysroot/lib/:/home/slundell/anaconda3/envs/wrap/bin/../x86_64-conda-linux-gnu/sysroot/usr/lib/
COLLECT_GCC_OPTIONS='-march=nocona' '-mtune=haswell' '-ftree-vectorize' '-fPIC' '-fstack-protector-strong' '-fno-plt' '-O2' '-ffunction-sections' '-pipe' '-isystem' '/home/slundell/anaconda3/envs/wrap/include' '-L/home/slundell/anaconda3/envs/wrap/lib' '-v' '-rdynamic' '-o' 'cmTC_30c2a'
 /home/slundell/anaconda3/envs/wrap/bin/../libexec/gcc/x86_64-conda-linux-gnu/9.3.0/collect2 -plugin /home/slundell/anaconda3/envs/wrap/bin/../libexec/gcc/x86_64-conda-linux-gnu/9.3.0/liblto_plugin.so -plugin-opt=/home/slundell/anaconda3/envs/wrap/bin/../libexec/gcc/x86_64-conda-linux-gnu/9.3.0/lto-wrapper -plugin-opt=-fresolution=/tmp/ccVaemdW.res -plugin-opt=-pass-through=-lgcc -plugin-opt=-pass-through=-lgcc_s -plugin-opt=-pass-through=-lc -plugin-opt=-pass-through=-lgcc -plugin-opt=-pass-through=-lgcc_s --sysroot=/home/slundell/anaconda3/envs/wrap/bin/../x86_64-conda-linux-gnu/sysroot --eh-frame-hdr -m elf_x86_64 -export-dynamic -dynamic-linker /lib64/ld-linux-x86-64.so.2 -pie -o cmTC_30c2a /home/slundell/anaconda3/envs/wrap/bin/../x86_64-conda-linux-gnu/sysroot/usr/lib/../lib/Scrt1.o /home/slundell/anaconda3/envs/wrap/bin/../x86_64-conda-linux-gnu/sysroot/usr/lib/../lib/crti.o /home/slundell/anaconda3/envs/wrap/bin/../lib/gcc/x86_64-conda-linux-gnu/9.3.0/crtbeginS.o -L/home/slundell/anaconda3/envs/wrap/lib -L/home/slundell/anaconda3/envs/wrap/bin/../lib/gcc/x86_64-conda-linux-gnu/9.3.0 -L/home/slundell/anaconda3/envs/wrap/bin/../lib/gcc -L/home/slundell/anaconda3/envs/wrap/bin/../lib/gcc/x86_64-conda-linux-gnu/9.3.0/../../../../x86_64-conda-linux-gnu/lib/../lib -L/home/slundell/anaconda3/envs/wrap/bin/../x86_64-conda-linux-gnu/sysroot/lib/../lib -L/home/slundell/anaconda3/envs/wrap/bin/../x86_64-conda-linux-gnu/sysroot/usr/lib/../lib -L/home/slundell/anaconda3/envs/wrap/bin/../lib/gcc/x86_64-conda-linux-gnu/9.3.0/../../../../x86_64-conda-linux-gnu/lib -L/home/slundell/anaconda3/envs/wrap/bin/../x86_64-conda-linux-gnu/sysroot/lib -L/home/slundell/anaconda3/envs/wrap/bin/../x86_64-conda-linux-gnu/sysroot/usr/lib -rpath /home/slundell/anaconda3/envs/wrap/lib -O2 --sort-common --as-needed -z relro -z now --disable-new-dtags --gc-sections -rpath /home/slundell/anaconda3/envs/wrap/lib -rpath-link /home/slundell/anaconda3/envs/wrap/lib CMakeFiles/cmTC_30c2a.dir/CMakeCCompilerABI.c.o -lgcc --push-state --as-needed -lgcc_s --pop-state -lc -lgcc --push-state --as-needed -lgcc_s --pop-state /home/slundell/anaconda3/envs/wrap/bin/../lib/gcc/x86_64-conda-linux-gnu/9.3.0/crtendS.o /home/slundell/anaconda3/envs/wrap/bin/../x86_64-conda-linux-gnu/sysroot/usr/lib/../lib/crtn.o
COLLECT_GCC_OPTIONS='-march=nocona' '-mtune=haswell' '-ftree-vectorize' '-fPIC' '-fstack-protector-strong' '-fno-plt' '-O2' '-ffunction-sections' '-pipe' '-isystem' '/home/slundell/anaconda3/envs/wrap/include' '-L/home/slundell/anaconda3/envs/wrap/lib' '-v' '-rdynamic' '-o' 'cmTC_30c2a'
make[1]: Leaving directory '/home/slundell/Documents/DHSVM-for-CSDMS/BMI/cExample/bmi-example-c-master/build/CMakeFiles/CMakeTmp'



Parsed C implicit include dir info from above output: rv=done
  found start of include info
  found start of implicit include info
    add: [/home/slundell/anaconda3/envs/wrap/include]
    add: [/home/slundell/anaconda3/envs/wrap/bin/../lib/gcc/x86_64-conda-linux-gnu/9.3.0/include]
    add: [/home/slundell/anaconda3/envs/wrap/bin/../lib/gcc/x86_64-conda-linux-gnu/9.3.0/include-fixed]
    add: [/home/slundell/anaconda3/envs/wrap/bin/../x86_64-conda-linux-gnu/sysroot/usr/include]
  end of search list found
  collapse include dir [/home/slundell/anaconda3/envs/wrap/include] ==> [/home/slundell/anaconda3/envs/wrap/include]
  collapse include dir [/home/slundell/anaconda3/envs/wrap/bin/../lib/gcc/x86_64-conda-linux-gnu/9.3.0/include] ==> [/home/slundell/anaconda3/envs/wrap/lib/gcc/x86_64-conda-linux-gnu/9.3.0/include]
  collapse include dir [/home/slundell/anaconda3/envs/wrap/bin/../lib/gcc/x86_64-conda-linux-gnu/9.3.0/include-fixed] ==> [/home/slundell/anaconda3/envs/wrap/lib/gcc/x86_64-conda-linux-gnu/9.3.0/include-fixed]
  collapse include dir [/home/slundell/anaconda3/envs/wrap/bin/../x86_64-conda-linux-gnu/sysroot/usr/include] ==> [/home/slundell/anaconda3/envs/wrap/x86_64-conda-linux-gnu/sysroot/usr/include]
  implicit include dirs: [/home/slundell/anaconda3/envs/wrap/include;/home/slundell/anaconda3/envs/wrap/lib/gcc/x86_64-conda-linux-gnu/9.3.0/include;/home/slundell/anaconda3/envs/wrap/lib/gcc/x86_64-conda-linux-gnu/9.3.0/include-fixed;/home/slundell/anaconda3/envs/wrap/x86_64-conda-linux-gnu/sysroot/usr/include]


Parsed C implicit link information from above output:
  link line regex: [^( *|.*[/\])(x86_64-conda-linux-gnu-ld|CMAKE_LINK_STARTFILE-NOTFOUND|([^/\]+-)?ld|collect2)[^/\]*( |$)]
  ignore line: [Change Dir: /home/slundell/Documents/DHSVM-for-CSDMS/BMI/cExample/bmi-example-c-master/build/CMakeFiles/CMakeTmp]
  ignore line: []
  ignore line: [Run Build Command(s):/usr/bin/make cmTC_30c2a/fast && /usr/bin/make  -f CMakeFiles/cmTC_30c2a.dir/build.make CMakeFiles/cmTC_30c2a.dir/build]
  ignore line: [make[1]: Entering directory '/home/slundell/Documents/DHSVM-for-CSDMS/BMI/cExample/bmi-example-c-master/build/CMakeFiles/CMakeTmp']
  ignore line: [Building C object CMakeFiles/cmTC_30c2a.dir/CMakeCCompilerABI.c.o]
  ignore line: [/home/slundell/anaconda3/envs/wrap/bin/x86_64-conda-linux-gnu-cc   -march=nocona -mtune=haswell -ftree-vectorize -fPIC -fstack-protector-strong -fno-plt -O2 -ffunction-sections -pipe -isystem /home/slundell/anaconda3/envs/wrap/include    -v -o CMakeFiles/cmTC_30c2a.dir/CMakeCCompilerABI.c.o -c /home/slundell/anaconda3/envs/wrap/share/cmake-3.18/Modules/CMakeCCompilerABI.c]
  ignore line: [Reading specs from /home/slundell/anaconda3/envs/wrap/bin/../lib/gcc/x86_64-conda-linux-gnu/9.3.0/specs]
  ignore line: [COLLECT_GCC=/home/slundell/anaconda3/envs/wrap/bin/x86_64-conda-linux-gnu-cc]
  ignore line: [Target: x86_64-conda-linux-gnu]
  ignore line: [Configured with: /home/conda/feedstock_root/build_artifacts/ctng-compilers_1601682258120/work/.build/x86_64-conda-linux-gnu/src/gcc/configure --build=x86_64-build_pc-linux-gnu --host=x86_64-build_pc-linux-gnu --target=x86_64-conda-linux-gnu --prefix=/home/conda/feedstock_root/build_artifacts/ctng-compilers_1601682258120/work/gcc_built --with-sysroot=/home/conda/feedstock_root/build_artifacts/ctng-compilers_1601682258120/work/gcc_built/x86_64-conda-linux-gnu/sysroot --enable-languages=c c++ fortran objc obj-c++ --with-pkgversion='crosstool-NG 1.24.0.133_b0863d8_dirty' --enable-__cxa_atexit --disable-libmudflap --enable-libgomp --disable-libssp --enable-libquadmath --enable-libquadmath-support --enable-libsanitizer --enable-libmpx --with-gmp=/home/conda/feedstock_root/build_artifacts/ctng-compilers_1601682258120/work/.build/x86_64-conda-linux-gnu/buildtools --with-mpfr=/home/conda/feedstock_root/build_artifacts/ctng-compilers_1601682258120/work/.build/x86_64-conda-linux-gnu/buildtools --with-mpc=/home/conda/feedstock_root/build_artifacts/ctng-compilers_1601682258120/work/.build/x86_64-conda-linux-gnu/buildtools --with-isl=/home/conda/feedstock_root/build_artifacts/ctng-compilers_1601682258120/work/.build/x86_64-conda-linux-gnu/buildtools --enable-lto --enable-threads=posix --enable-target-optspace --enable-plugin --enable-gold --disable-nls --disable-multilib --with-local-prefix=/home/conda/feedstock_root/build_artifacts/ctng-compilers_1601682258120/work/gcc_built/x86_64-conda-linux-gnu/sysroot --enable-long-long --enable-default-pie]
  ignore line: [Thread model: posix]
  ignore line: [gcc version 9.3.0 (crosstool-NG 1.24.0.133_b0863d8_dirty) ]
  ignore line: [COLLECT_GCC_OPTIONS='-march=nocona' '-mtune=haswell' '-ftree-vectorize' '-fPIC' '-fstack-protector-strong' '-fno-plt' '-O2' '-ffunction-sections' '-pipe' '-isystem' '/home/slundell/anaconda3/envs/wrap/include' '-v' '-o' 'CMakeFiles/cmTC_30c2a.dir/CMakeCCompilerABI.c.o' '-c']
  ignore line: [ /home/slundell/anaconda3/envs/wrap/bin/../libexec/gcc/x86_64-conda-linux-gnu/9.3.0/cc1 -quiet -v -iprefix /home/slundell/anaconda3/envs/wrap/bin/../lib/gcc/x86_64-conda-linux-gnu/9.3.0/ -isysroot /home/slundell/anaconda3/envs/wrap/bin/../x86_64-conda-linux-gnu/sysroot -isystem /home/slundell/anaconda3/envs/wrap/include /home/slundell/anaconda3/envs/wrap/share/cmake-3.18/Modules/CMakeCCompilerABI.c -quiet -dumpbase CMakeCCompilerABI.c -march=nocona -mtune=haswell -auxbase-strip CMakeFiles/cmTC_30c2a.dir/CMakeCCompilerABI.c.o -O2 -version -ftree-vectorize -fPIC -fstack-protector-strong -fno-plt -ffunction-sections -o - |]
  ignore line: [ /home/slundell/anaconda3/envs/wrap/bin/../lib/gcc/x86_64-conda-linux-gnu/9.3.0/../../../../x86_64-conda-linux-gnu/bin/as -v --64 -o CMakeFiles/cmTC_30c2a.dir/CMakeCCompilerABI.c.o]
  ignore line: [GNU assembler version 2.35 (x86_64-conda-linux-gnu) using BFD version (GNU Binutils) 2.35]
  ignore line: [GNU C17 (crosstool-NG 1.24.0.133_b0863d8_dirty) version 9.3.0 (x86_64-conda-linux-gnu)]
  ignore line: [	compiled by GNU C version 4.4.7 20120313 (Red Hat 4.4.7-23)  GMP version 6.2.0  MPFR version 4.0.2  MPC version 1.1.0  isl version isl-0.22-GMP]
  ignore line: []
  ignore line: [GGC heuristics: --param ggc-min-expand=100 --param ggc-min-heapsize=131072]
  ignore line: [ignoring nonexistent directory "/home/slundell/anaconda3/envs/wrap/bin/../lib/gcc/x86_64-conda-linux-gnu/9.3.0/../../../../x86_64-conda-linux-gnu/include"]
  ignore line: [ignoring duplicate directory "/home/slundell/anaconda3/envs/wrap/bin/../lib/gcc/../../lib/gcc/x86_64-conda-linux-gnu/9.3.0/include"]
  ignore line: [ignoring nonexistent directory "/home/slundell/anaconda3/envs/wrap/bin/../x86_64-conda-linux-gnu/sysroot/home/conda/feedstock_root/build_artifacts/ctng-compilers_1601682258120/work/gcc_built/x86_64-conda-linux-gnu/sysroot/include"]
  ignore line: [ignoring duplicate directory "/home/slundell/anaconda3/envs/wrap/bin/../lib/gcc/../../lib/gcc/x86_64-conda-linux-gnu/9.3.0/include-fixed"]
  ignore line: [ignoring nonexistent directory "/home/slundell/anaconda3/envs/wrap/bin/../lib/gcc/../../lib/gcc/x86_64-conda-linux-gnu/9.3.0/../../../../x86_64-conda-linux-gnu/include"]
  ignore line: [#include "..." search starts here:]
  ignore line: [#include <...> search starts here:]
  ignore line: [ /home/slundell/anaconda3/envs/wrap/include]
  ignore line: [ /home/slundell/anaconda3/envs/wrap/bin/../lib/gcc/x86_64-conda-linux-gnu/9.3.0/include]
  ignore line: [ /home/slundell/anaconda3/envs/wrap/bin/../lib/gcc/x86_64-conda-linux-gnu/9.3.0/include-fixed]
  ignore line: [ /home/slundell/anaconda3/envs/wrap/bin/../x86_64-conda-linux-gnu/sysroot/usr/include]
  ignore line: [End of search list.]
  ignore line: [GNU C17 (crosstool-NG 1.24.0.133_b0863d8_dirty) version 9.3.0 (x86_64-conda-linux-gnu)]
  ignore line: [	compiled by GNU C version 4.4.7 20120313 (Red Hat 4.4.7-23)  GMP version 6.2.0  MPFR version 4.0.2  MPC version 1.1.0  isl version isl-0.22-GMP]
  ignore line: []
  ignore line: [GGC heuristics: --param ggc-min-expand=100 --param ggc-min-heapsize=131072]
  ignore line: [Compiler executable checksum: 1ceffe586f2b8eea5c19b180181e0092]
  ignore line: [COMPILER_PATH=/home/slundell/anaconda3/envs/wrap/bin/../libexec/gcc/x86_64-conda-linux-gnu/9.3.0/:/home/slundell/anaconda3/envs/wrap/bin/../libexec/gcc/:/home/slundell/anaconda3/envs/wrap/bin/../lib/gcc/x86_64-conda-linux-gnu/9.3.0/../../../../x86_64-conda-linux-gnu/bin/]
  ignore line: [LIBRARY_PATH=/home/slundell/anaconda3/envs/wrap/bin/../lib/gcc/x86_64-conda-linux-gnu/9.3.0/:/home/slundell/anaconda3/envs/wrap/bin/../lib/gcc/:/home/slundell/anaconda3/envs/wrap/bin/../lib/gcc/x86_64-conda-linux-gnu/9.3.0/../../../../x86_64-conda-linux-gnu/lib/../lib/:/home/slundell/anaconda3/envs/wrap/bin/../x86_64-conda-linux-gnu/sysroot/lib/../lib/:/home/slundell/anaconda3/envs/wrap/bin/../x86_64-conda-linux-gnu/sysroot/usr/lib/../lib/:/home/slundell/anaconda3/envs/wrap/bin/../lib/gcc/x86_64-conda-linux-gnu/9.3.0/../../../../x86_64-conda-linux-gnu/lib/:/home/slundell/anaconda3/envs/wrap/bin/../x86_64-conda-linux-gnu/sysroot/lib/:/home/slundell/anaconda3/envs/wrap/bin/../x86_64-conda-linux-gnu/sysroot/usr/lib/]
  ignore line: [COLLECT_GCC_OPTIONS='-march=nocona' '-mtune=haswell' '-ftree-vectorize' '-fPIC' '-fstack-protector-strong' '-fno-plt' '-O2' '-ffunction-sections' '-pipe' '-isystem' '/home/slundell/anaconda3/envs/wrap/include' '-v' '-o' 'CMakeFiles/cmTC_30c2a.dir/CMakeCCompilerABI.c.o' '-c']
  ignore line: [Linking C executable cmTC_30c2a]
  ignore line: [/home/slundell/anaconda3/envs/wrap/bin/cmake -E cmake_link_script CMakeFiles/cmTC_30c2a.dir/link.txt --verbose=1]
  ignore line: [/home/slundell/anaconda3/envs/wrap/bin/x86_64-conda-linux-gnu-cc -march=nocona -mtune=haswell -ftree-vectorize -fPIC -fstack-protector-strong -fno-plt -O2 -ffunction-sections -pipe -isystem /home/slundell/anaconda3/envs/wrap/include  -Wl -O2 -Wl --sort-common -Wl --as-needed -Wl -z relro -Wl -z now -Wl --disable-new-dtags -Wl --gc-sections -Wl -rpath /home/slundell/anaconda3/envs/wrap/lib -Wl -rpath-link /home/slundell/anaconda3/envs/wrap/lib -L/home/slundell/anaconda3/envs/wrap/lib -v -rdynamic CMakeFiles/cmTC_30c2a.dir/CMakeCCompilerABI.c.o -o cmTC_30c2a ]
  ignore line: [Reading specs from /home/slundell/anaconda3/envs/wrap/bin/../lib/gcc/x86_64-conda-linux-gnu/9.3.0/specs]
  ignore line: [COLLECT_GCC=/home/slundell/anaconda3/envs/wrap/bin/x86_64-conda-linux-gnu-cc]
  ignore line: [COLLECT_LTO_WRAPPER=/home/slundell/anaconda3/envs/wrap/bin/../libexec/gcc/x86_64-conda-linux-gnu/9.3.0/lto-wrapper]
  ignore line: [Target: x86_64-conda-linux-gnu]
  ignore line: [Configured with: /home/conda/feedstock_root/build_artifacts/ctng-compilers_1601682258120/work/.build/x86_64-conda-linux-gnu/src/gcc/configure --build=x86_64-build_pc-linux-gnu --host=x86_64-build_pc-linux-gnu --target=x86_64-conda-linux-gnu --prefix=/home/conda/feedstock_root/build_artifacts/ctng-compilers_1601682258120/work/gcc_built --with-sysroot=/home/conda/feedstock_root/build_artifacts/ctng-compilers_1601682258120/work/gcc_built/x86_64-conda-linux-gnu/sysroot --enable-languages=c c++ fortran objc obj-c++ --with-pkgversion='crosstool-NG 1.24.0.133_b0863d8_dirty' --enable-__cxa_atexit --disable-libmudflap --enable-libgomp --disable-libssp --enable-libquadmath --enable-libquadmath-support --enable-libsanitizer --enable-libmpx --with-gmp=/home/conda/feedstock_root/build_artifacts/ctng-compilers_1601682258120/work/.build/x86_64-conda-linux-gnu/buildtools --with-mpfr=/home/conda/feedstock_root/build_artifacts/ctng-compilers_1601682258120/work/.build/x86_64-conda-linux-gnu/buildtools --with-mpc=/home/conda/feedstock_root/build_artifacts/ctng-compilers_1601682258120/work/.build/x86_64-conda-linux-gnu/buildtools --with-isl=/home/conda/feedstock_root/build_artifacts/ctng-compilers_1601682258120/work/.build/x86_64-conda-linux-gnu/buildtools --enable-lto --enable-threads=posix --enable-target-optspace --enable-plugin --enable-gold --disable-nls --disable-multilib --with-local-prefix=/home/conda/feedstock_root/build_artifacts/ctng-compilers_1601682258120/work/gcc_built/x86_64-conda-linux-gnu/sysroot --enable-long-long --enable-default-pie]
  ignore line: [Thread model: posix]
  ignore line: [gcc version 9.3.0 (crosstool-NG 1.24.0.133_b0863d8_dirty) ]
  ignore line: [COMPILER_PATH=/home/slundell/anaconda3/envs/wrap/bin/../libexec/gcc/x86_64-conda-linux-gnu/9.3.0/:/home/slundell/anaconda3/envs/wrap/bin/../libexec/gcc/:/home/slundell/anaconda3/envs/wrap/bin/../lib/gcc/x86_64-conda-linux-gnu/9.3.0/../../../../x86_64-conda-linux-gnu/bin/]
  ignore line: [LIBRARY_PATH=/home/slundell/anaconda3/envs/wrap/bin/../lib/gcc/x86_64-conda-linux-gnu/9.3.0/:/home/slundell/anaconda3/envs/wrap/bin/../lib/gcc/:/home/slundell/anaconda3/envs/wrap/bin/../lib/gcc/x86_64-conda-linux-gnu/9.3.0/../../../../x86_64-conda-linux-gnu/lib/../lib/:/home/slundell/anaconda3/envs/wrap/bin/../x86_64-conda-linux-gnu/sysroot/lib/../lib/:/home/slundell/anaconda3/envs/wrap/bin/../x86_64-conda-linux-gnu/sysroot/usr/lib/../lib/:/home/slundell/anaconda3/envs/wrap/bin/../lib/gcc/x86_64-conda-linux-gnu/9.3.0/../../../../x86_64-conda-linux-gnu/lib/:/home/slundell/anaconda3/envs/wrap/bin/../x86_64-conda-linux-gnu/sysroot/lib/:/home/slundell/anaconda3/envs/wrap/bin/../x86_64-conda-linux-gnu/sysroot/usr/lib/]
  ignore line: [COLLECT_GCC_OPTIONS='-march=nocona' '-mtune=haswell' '-ftree-vectorize' '-fPIC' '-fstack-protector-strong' '-fno-plt' '-O2' '-ffunction-sections' '-pipe' '-isystem' '/home/slundell/anaconda3/envs/wrap/include' '-L/home/slundell/anaconda3/envs/wrap/lib' '-v' '-rdynamic' '-o' 'cmTC_30c2a']
  link line: [ /home/slundell/anaconda3/envs/wrap/bin/../libexec/gcc/x86_64-conda-linux-gnu/9.3.0/collect2 -plugin /home/slundell/anaconda3/envs/wrap/bin/../libexec/gcc/x86_64-conda-linux-gnu/9.3.0/liblto_plugin.so -plugin-opt=/home/slundell/anaconda3/envs/wrap/bin/../libexec/gcc/x86_64-conda-linux-gnu/9.3.0/lto-wrapper -plugin-opt=-fresolution=/tmp/ccVaemdW.res -plugin-opt=-pass-through=-lgcc -plugin-opt=-pass-through=-lgcc_s -plugin-opt=-pass-through=-lc -plugin-opt=-pass-through=-lgcc -plugin-opt=-pass-through=-lgcc_s --sysroot=/home/slundell/anaconda3/envs/wrap/bin/../x86_64-conda-linux-gnu/sysroot --eh-frame-hdr -m elf_x86_64 -export-dynamic -dynamic-linker /lib64/ld-linux-x86-64.so.2 -pie -o cmTC_30c2a /home/slundell/anaconda3/envs/wrap/bin/../x86_64-conda-linux-gnu/sysroot/usr/lib/../lib/Scrt1.o /home/slundell/anaconda3/envs/wrap/bin/../x86_64-conda-linux-gnu/sysroot/usr/lib/../lib/crti.o /home/slundell/anaconda3/envs/wrap/bin/../lib/gcc/x86_64-conda-linux-gnu/9.3.0/crtbeginS.o -L/home/slundell/anaconda3/envs/wrap/lib -L/home/slundell/anaconda3/envs/wrap/bin/../lib/gcc/x86_64-conda-linux-gnu/9.3.0 -L/home/slundell/anaconda3/envs/wrap/bin/../lib/gcc -L/home/slundell/anaconda3/envs/wrap/bin/../lib/gcc/x86_64-conda-linux-gnu/9.3.0/../../../../x86_64-conda-linux-gnu/lib/../lib -L/home/slundell/anaconda3/envs/wrap/bin/../x86_64-conda-linux-gnu/sysroot/lib/../lib -L/home/slundell/anaconda3/envs/wrap/bin/../x86_64-conda-linux-gnu/sysroot/usr/lib/../lib -L/home/slundell/anaconda3/envs/wrap/bin/../lib/gcc/x86_64-conda-linux-gnu/9.3.0/../../../../x86_64-conda-linux-gnu/lib -L/home/slundell/anaconda3/envs/wrap/bin/../x86_64-conda-linux-gnu/sysroot/lib -L/home/slundell/anaconda3/envs/wrap/bin/../x86_64-conda-linux-gnu/sysroot/usr/lib -rpath /home/slundell/anaconda3/envs/wrap/lib -O2 --sort-common --as-needed -z relro -z now --disable-new-dtags --gc-sections -rpath /home/slundell/anaconda3/envs/wrap/lib -rpath-link /home/slundell/anaconda3/envs/wrap/lib CMakeFiles/cmTC_30c2a.dir/CMakeCCompilerABI.c.o -lgcc --push-state --as-needed -lgcc_s --pop-state -lc -lgcc --push-state --as-needed -lgcc_s --pop-state /home/slundell/anaconda3/envs/wrap/bin/../lib/gcc/x86_64-conda-linux-gnu/9.3.0/crtendS.o /home/slundell/anaconda3/envs/wrap/bin/../x86_64-conda-linux-gnu/sysroot/usr/lib/../lib/crtn.o]
    arg [/home/slundell/anaconda3/envs/wrap/bin/../libexec/gcc/x86_64-conda-linux-gnu/9.3.0/collect2] ==> ignore
    arg [-plugin] ==> ignore
    arg [/home/slundell/anaconda3/envs/wrap/bin/../libexec/gcc/x86_64-conda-linux-gnu/9.3.0/liblto_plugin.so] ==> ignore
    arg [-plugin-opt=/home/slundell/anaconda3/envs/wrap/bin/../libexec/gcc/x86_64-conda-linux-gnu/9.3.0/lto-wrapper] ==> ignore
    arg [-plugin-opt=-fresolution=/tmp/ccVaemdW.res] ==> ignore
    arg [-plugin-opt=-pass-through=-lgcc] ==> ignore
    arg [-plugin-opt=-pass-through=-lgcc_s] ==> ignore
    arg [-plugin-opt=-pass-through=-lc] ==> ignore
    arg [-plugin-opt=-pass-through=-lgcc] ==> ignore
    arg [-plugin-opt=-pass-through=-lgcc_s] ==> ignore
    arg [--sysroot=/home/slundell/anaconda3/envs/wrap/bin/../x86_64-conda-linux-gnu/sysroot] ==> ignore
    arg [--eh-frame-hdr] ==> ignore
    arg [-m] ==> ignore
    arg [elf_x86_64] ==> ignore
    arg [-export-dynamic] ==> ignore
    arg [-dynamic-linker] ==> ignore
    arg [/lib64/ld-linux-x86-64.so.2] ==> ignore
    arg [-pie] ==> ignore
    arg [-o] ==> ignore
    arg [cmTC_30c2a] ==> ignore
    arg [/home/slundell/anaconda3/envs/wrap/bin/../x86_64-conda-linux-gnu/sysroot/usr/lib/../lib/Scrt1.o] ==> ignore
    arg [/home/slundell/anaconda3/envs/wrap/bin/../x86_64-conda-linux-gnu/sysroot/usr/lib/../lib/crti.o] ==> ignore
    arg [/home/slundell/anaconda3/envs/wrap/bin/../lib/gcc/x86_64-conda-linux-gnu/9.3.0/crtbeginS.o] ==> ignore
    arg [-L/home/slundell/anaconda3/envs/wrap/lib] ==> dir [/home/slundell/anaconda3/envs/wrap/lib]
    arg [-L/home/slundell/anaconda3/envs/wrap/bin/../lib/gcc/x86_64-conda-linux-gnu/9.3.0] ==> dir [/home/slundell/anaconda3/envs/wrap/bin/../lib/gcc/x86_64-conda-linux-gnu/9.3.0]
    arg [-L/home/slundell/anaconda3/envs/wrap/bin/../lib/gcc] ==> dir [/home/slundell/anaconda3/envs/wrap/bin/../lib/gcc]
    arg [-L/home/slundell/anaconda3/envs/wrap/bin/../lib/gcc/x86_64-conda-linux-gnu/9.3.0/../../../../x86_64-conda-linux-gnu/lib/../lib] ==> dir [/home/slundell/anaconda3/envs/wrap/bin/../lib/gcc/x86_64-conda-linux-gnu/9.3.0/../../../../x86_64-conda-linux-gnu/lib/../lib]
    arg [-L/home/slundell/anaconda3/envs/wrap/bin/../x86_64-conda-linux-gnu/sysroot/lib/../lib] ==> dir [/home/slundell/anaconda3/envs/wrap/bin/../x86_64-conda-linux-gnu/sysroot/lib/../lib]
    arg [-L/home/slundell/anaconda3/envs/wrap/bin/../x86_64-conda-linux-gnu/sysroot/usr/lib/../lib] ==> dir [/home/slundell/anaconda3/envs/wrap/bin/../x86_64-conda-linux-gnu/sysroot/usr/lib/../lib]
    arg [-L/home/slundell/anaconda3/envs/wrap/bin/../lib/gcc/x86_64-conda-linux-gnu/9.3.0/../../../../x86_64-conda-linux-gnu/lib] ==> dir [/home/slundell/anaconda3/envs/wrap/bin/../lib/gcc/x86_64-conda-linux-gnu/9.3.0/../../../../x86_64-conda-linux-gnu/lib]
    arg [-L/home/slundell/anaconda3/envs/wrap/bin/../x86_64-conda-linux-gnu/sysroot/lib] ==> dir [/home/slundell/anaconda3/envs/wrap/bin/../x86_64-conda-linux-gnu/sysroot/lib]
    arg [-L/home/slundell/anaconda3/envs/wrap/bin/../x86_64-conda-linux-gnu/sysroot/usr/lib] ==> dir [/home/slundell/anaconda3/envs/wrap/bin/../x86_64-conda-linux-gnu/sysroot/usr/lib]
    arg [-rpath] ==> ignore
    arg [/home/slundell/anaconda3/envs/wrap/lib] ==> ignore
    arg [-O2] ==> ignore
    arg [--sort-common] ==> ignore
    arg [--as-needed] ==> ignore
    arg [-zrelro] ==> ignore
    arg [-znow] ==> ignore
    arg [--disable-new-dtags] ==> ignore
    arg [--gc-sections] ==> ignore
    arg [-rpath] ==> ignore
    arg [/home/slundell/anaconda3/envs/wrap/lib] ==> ignore
    arg [-rpath-link] ==> ignore
    arg [/home/slundell/anaconda3/envs/wrap/lib] ==> ignore
    arg [CMakeFiles/cmTC_30c2a.dir/CMakeCCompilerABI.c.o] ==> ignore
    arg [-lgcc] ==> lib [gcc]
    arg [--push-state] ==> ignore
    arg [--as-needed] ==> ignore
    arg [-lgcc_s] ==> lib [gcc_s]
    arg [--pop-state] ==> ignore
    arg [-lc] ==> lib [c]
    arg [-lgcc] ==> lib [gcc]
    arg [--push-state] ==> ignore
    arg [--as-needed] ==> ignore
    arg [-lgcc_s] ==> lib [gcc_s]
    arg [--pop-state] ==> ignore
    arg [/home/slundell/anaconda3/envs/wrap/bin/../lib/gcc/x86_64-conda-linux-gnu/9.3.0/crtendS.o] ==> ignore
    arg [/home/slundell/anaconda3/envs/wrap/bin/../x86_64-conda-linux-gnu/sysroot/usr/lib/../lib/crtn.o] ==> ignore
  collapse library dir [/home/slundell/anaconda3/envs/wrap/lib] ==> [/home/slundell/anaconda3/envs/wrap/lib]
  collapse library dir [/home/slundell/anaconda3/envs/wrap/bin/../lib/gcc/x86_64-conda-linux-gnu/9.3.0] ==> [/home/slundell/anaconda3/envs/wrap/lib/gcc/x86_64-conda-linux-gnu/9.3.0]
  collapse library dir [/home/slundell/anaconda3/envs/wrap/bin/../lib/gcc] ==> [/home/slundell/anaconda3/envs/wrap/lib/gcc]
  collapse library dir [/home/slundell/anaconda3/envs/wrap/bin/../lib/gcc/x86_64-conda-linux-gnu/9.3.0/../../../../x86_64-conda-linux-gnu/lib/../lib] ==> [/home/slundell/anaconda3/envs/wrap/x86_64-conda-linux-gnu/lib]
  collapse library dir [/home/slundell/anaconda3/envs/wrap/bin/../x86_64-conda-linux-gnu/sysroot/lib/../lib] ==> [/home/slundell/anaconda3/envs/wrap/x86_64-conda-linux-gnu/sysroot/lib]
  collapse library dir [/home/slundell/anaconda3/envs/wrap/bin/../x86_64-conda-linux-gnu/sysroot/usr/lib/../lib] ==> [/home/slundell/anaconda3/envs/wrap/x86_64-conda-linux-gnu/sysroot/usr/lib]
  collapse library dir [/home/slundell/anaconda3/envs/wrap/bin/../lib/gcc/x86_64-conda-linux-gnu/9.3.0/../../../../x86_64-conda-linux-gnu/lib] ==> [/home/slundell/anaconda3/envs/wrap/x86_64-conda-linux-gnu/lib]
  collapse library dir [/home/slundell/anaconda3/envs/wrap/bin/../x86_64-conda-linux-gnu/sysroot/lib] ==> [/home/slundell/anaconda3/envs/wrap/x86_64-conda-linux-gnu/sysroot/lib]
  collapse library dir [/home/slundell/anaconda3/envs/wrap/bin/../x86_64-conda-linux-gnu/sysroot/usr/lib] ==> [/home/slundell/anaconda3/envs/wrap/x86_64-conda-linux-gnu/sysroot/usr/lib]
  implicit libs: [gcc;gcc_s;c;gcc;gcc_s]
  implicit dirs: [/home/slundell/anaconda3/envs/wrap/lib;/home/slundell/anaconda3/envs/wrap/lib/gcc/x86_64-conda-linux-gnu/9.3.0;/home/slundell/anaconda3/envs/wrap/lib/gcc;/home/slundell/anaconda3/envs/wrap/x86_64-conda-linux-gnu/lib;/home/slundell/anaconda3/envs/wrap/x86_64-conda-linux-gnu/sysroot/lib;/home/slundell/anaconda3/envs/wrap/x86_64-conda-linux-gnu/sysroot/usr/lib]
  implicit fwks: []


